<?xml version="1.0" encoding="UTF-8"?>
<!-- Generated by org.testng.reporters.JUnitReportReporter -->
<testsuite hostname="TVDLT-0422" failures="0" tests="1" name="gs1ScenarioTest.SenarioOneTest" time="7.189" errors="0" timestamp="2024-12-14T15:12:46 EET" skipped="0">
  <testcase classname="gs1ScenarioTest.SenarioOneTest" name="Scenario1" time="7.189"/>
</testsuite> <!-- gs1ScenarioTest.SenarioOneTest -->
